<?xml version="1.0" encoding="UTF-8"?>
<testng-results ignored="0" total="2" passed="2" failed="0" skipped="0">
  <reporter-output>
  </reporter-output>
  <suite started-at="2023-09-30T18:05:49 IST" name="Default suite" finished-at="2023-09-30T18:06:06 IST" duration-ms="17469">
    <groups>
    </groups>
    <test started-at="2023-09-30T18:05:49 IST" name="Default test" finished-at="2023-09-30T18:06:06 IST" duration-ms="17469">
      <class name="com.opencart.testLayer.LoginTest">
        <test-method is-config="true" signature="start()[pri:0, instance:com.opencart.testLayer.LoginTest@62379589]" started-at="2023-09-30T18:05:49 IST" name="start" finished-at="2023-09-30T18:05:49 IST" duration-ms="132" status="PASS">
          <reporter-output>
          </reporter-output>
        </test-method> <!-- start -->
        <test-method is-config="true" signature="setup()[pri:0, instance:com.opencart.testLayer.LoginTest@62379589]" started-at="2023-09-30T18:05:49 IST" name="setup" finished-at="2023-09-30T18:05:54 IST" duration-ms="4697" status="PASS">
          <reporter-output>
          </reporter-output>
        </test-method> <!-- setup -->
        <test-method signature="validateloggingintotheApplicationusinginvalidcredentials()[pri:0, instance:com.opencart.testLayer.LoginTest@62379589]" started-at="2023-09-30T18:05:54 IST" name="validateloggingintotheApplicationusinginvalidcredentials" finished-at="2023-09-30T18:05:57 IST" duration-ms="3432" status="PASS">
          <reporter-output>
          </reporter-output>
        </test-method> <!-- validateloggingintotheApplicationusinginvalidcredentials -->
        <test-method is-config="true" signature="tearDown()[pri:0, instance:com.opencart.testLayer.LoginTest@62379589]" started-at="2023-09-30T18:05:57 IST" name="tearDown" finished-at="2023-09-30T18:05:57 IST" duration-ms="328" status="PASS">
          <reporter-output>
          </reporter-output>
        </test-method> <!-- tearDown -->
        <test-method is-config="true" signature="setup()[pri:0, instance:com.opencart.testLayer.LoginTest@62379589]" started-at="2023-09-30T18:05:57 IST" name="setup" finished-at="2023-09-30T18:06:02 IST" duration-ms="4583" status="PASS">
          <reporter-output>
          </reporter-output>
        </test-method> <!-- setup -->
        <test-method signature="validateloggingintotheApplicationusingvalidcredentials()[pri:0, instance:com.opencart.testLayer.LoginTest@62379589]" started-at="2023-09-30T18:06:02 IST" name="validateloggingintotheApplicationusingvalidcredentials" finished-at="2023-09-30T18:06:06 IST" duration-ms="3970" status="PASS">
          <reporter-output>
          </reporter-output>
        </test-method> <!-- validateloggingintotheApplicationusingvalidcredentials -->
        <test-method is-config="true" signature="tearDown()[pri:0, instance:com.opencart.testLayer.LoginTest@62379589]" started-at="2023-09-30T18:06:06 IST" name="tearDown" finished-at="2023-09-30T18:06:06 IST" duration-ms="280" status="PASS">
          <reporter-output>
          </reporter-output>
        </test-method> <!-- tearDown -->
        <test-method is-config="true" signature="end()[pri:0, instance:com.opencart.testLayer.LoginTest@62379589]" started-at="2023-09-30T18:06:06 IST" name="end" finished-at="2023-09-30T18:06:06 IST" duration-ms="0" status="PASS">
          <reporter-output>
          </reporter-output>
        </test-method> <!-- end -->
      </class> <!-- com.opencart.testLayer.LoginTest -->
    </test> <!-- Default test -->
  </suite> <!-- Default suite -->
</testng-results>
